{"/Users/Darshit_Dave/CodeAcademy23/final-eval/auth-service/database/config/config.js": {"path":"/Users/Darshit_Dave/CodeAcademy23/final-eval/auth-service/database/config/config.js","statementMap":{"0":{"start":{"line":1,"column":0},"end":{"line":1,"column":27}},"1":{"start":{"line":3,"column":0},"end":{"line":20,"column":2}}},"fnMap":{},"branchMap":{},"s":{"0":2,"1":2},"f":{},"b":{},"_coverageSchema":"1a1c01bbd47fc00a2c39e90264f33305004495a9","hash":"89c9c83d3eeafa9a03903006984c77fc9c270823"}
,"/Users/Darshit_Dave/CodeAcademy23/final-eval/auth-service/src/controllers/authControllers.js": {"path":"/Users/Darshit_Dave/CodeAcademy23/final-eval/auth-service/src/controllers/authControllers.js","statementMap":{"0":{"start":{"line":1,"column":20},"end":{"line":1,"column":55}},"1":{"start":{"line":2,"column":18},"end":{"line":2,"column":47}},"2":{"start":{"line":5,"column":17},"end":{"line":14,"column":1}},"3":{"start":{"line":6,"column":2},"end":{"line":13,"column":3}},"4":{"start":{"line":7,"column":17},"end":{"line":7,"column":89}},"5":{"start":{"line":8,"column":4},"end":{"line":8,"column":103}},"6":{"start":{"line":10,"column":4},"end":{"line":11,"column":94}},"7":{"start":{"line":11,"column":6},"end":{"line":11,"column":94}},"8":{"start":{"line":12,"column":4},"end":{"line":12,"column":78}},"9":{"start":{"line":15,"column":14},"end":{"line":24,"column":1}},"10":{"start":{"line":16,"column":2},"end":{"line":23,"column":3}},"11":{"start":{"line":17,"column":17},"end":{"line":17,"column":86}},"12":{"start":{"line":18,"column":4},"end":{"line":18,"column":100}},"13":{"start":{"line":20,"column":4},"end":{"line":21,"column":94}},"14":{"start":{"line":21,"column":6},"end":{"line":21,"column":94}},"15":{"start":{"line":22,"column":4},"end":{"line":22,"column":78}},"16":{"start":{"line":25,"column":22},"end":{"line":35,"column":1}},"17":{"start":{"line":26,"column":2},"end":{"line":34,"column":3}},"18":{"start":{"line":27,"column":18},"end":{"line":27,"column":61}},"19":{"start":{"line":28,"column":25},"end":{"line":28,"column":63}},"20":{"start":{"line":29,"column":4},"end":{"line":29,"column":100}},"21":{"start":{"line":31,"column":4},"end":{"line":32,"column":94}},"22":{"start":{"line":32,"column":6},"end":{"line":32,"column":94}},"23":{"start":{"line":33,"column":4},"end":{"line":33,"column":78}},"24":{"start":{"line":36,"column":0},"end":{"line":36,"column":52}}},"fnMap":{"0":{"name":"(anonymous_0)","decl":{"start":{"line":5,"column":17},"end":{"line":5,"column":18}},"loc":{"start":{"line":5,"column":46},"end":{"line":14,"column":1}},"line":5},"1":{"name":"(anonymous_1)","decl":{"start":{"line":15,"column":14},"end":{"line":15,"column":15}},"loc":{"start":{"line":15,"column":43},"end":{"line":24,"column":1}},"line":15},"2":{"name":"(anonymous_2)","decl":{"start":{"line":25,"column":22},"end":{"line":25,"column":23}},"loc":{"start":{"line":25,"column":51},"end":{"line":35,"column":1}},"line":25}},"branchMap":{"0":{"loc":{"start":{"line":10,"column":4},"end":{"line":11,"column":94}},"type":"if","locations":[{"start":{"line":10,"column":4},"end":{"line":11,"column":94}},{"start":{},"end":{}}],"line":10},"1":{"loc":{"start":{"line":20,"column":4},"end":{"line":21,"column":94}},"type":"if","locations":[{"start":{"line":20,"column":4},"end":{"line":21,"column":94}},{"start":{},"end":{}}],"line":20},"2":{"loc":{"start":{"line":31,"column":4},"end":{"line":32,"column":94}},"type":"if","locations":[{"start":{"line":31,"column":4},"end":{"line":32,"column":94}},{"start":{},"end":{}}],"line":31}},"s":{"0":1,"1":1,"2":1,"3":3,"4":3,"5":1,"6":2,"7":1,"8":1,"9":1,"10":4,"11":4,"12":1,"13":3,"14":2,"15":1,"16":1,"17":3,"18":3,"19":3,"20":1,"21":2,"22":1,"23":1,"24":1},"f":{"0":3,"1":4,"2":3},"b":{"0":[1,1],"1":[2,1],"2":[1,1]},"_coverageSchema":"1a1c01bbd47fc00a2c39e90264f33305004495a9","hash":"a8579fa25d85ac0b6c65a15b84dfde2512ebe57f"}
,"/Users/Darshit_Dave/CodeAcademy23/final-eval/auth-service/src/models/index.js": {"path":"/Users/Darshit_Dave/CodeAcademy23/final-eval/auth-service/src/models/index.js","statementMap":{"0":{"start":{"line":3,"column":11},"end":{"line":3,"column":24}},"1":{"start":{"line":4,"column":13},"end":{"line":4,"column":28}},"2":{"start":{"line":5,"column":18},"end":{"line":5,"column":38}},"3":{"start":{"line":6,"column":16},"end":{"line":6,"column":34}},"4":{"start":{"line":7,"column":17},"end":{"line":7,"column":42}},"5":{"start":{"line":8,"column":12},"end":{"line":8,"column":49}},"6":{"start":{"line":9,"column":15},"end":{"line":9,"column":76}},"7":{"start":{"line":10,"column":11},"end":{"line":10,"column":13}},"8":{"start":{"line":13,"column":0},"end":{"line":17,"column":1}},"9":{"start":{"line":14,"column":2},"end":{"line":14,"column":74}},"10":{"start":{"line":16,"column":2},"end":{"line":16,"column":87}},"11":{"start":{"line":19,"column":0},"end":{"line":32,"column":5}},"12":{"start":{"line":22,"column":4},"end":{"line":27,"column":6}},"13":{"start":{"line":30,"column":18},"end":{"line":30,"column":85}},"14":{"start":{"line":31,"column":4},"end":{"line":31,"column":27}},"15":{"start":{"line":34,"column":0},"end":{"line":38,"column":3}},"16":{"start":{"line":35,"column":2},"end":{"line":37,"column":3}},"17":{"start":{"line":36,"column":4},"end":{"line":36,"column":32}},"18":{"start":{"line":40,"column":0},"end":{"line":40,"column":25}},"19":{"start":{"line":41,"column":0},"end":{"line":41,"column":25}},"20":{"start":{"line":43,"column":0},"end":{"line":43,"column":20}}},"fnMap":{"0":{"name":"(anonymous_0)","decl":{"start":{"line":21,"column":10},"end":{"line":21,"column":11}},"loc":{"start":{"line":21,"column":18},"end":{"line":28,"column":3}},"line":21},"1":{"name":"(anonymous_1)","decl":{"start":{"line":29,"column":11},"end":{"line":29,"column":12}},"loc":{"start":{"line":29,"column":19},"end":{"line":32,"column":3}},"line":29},"2":{"name":"(anonymous_2)","decl":{"start":{"line":34,"column":24},"end":{"line":34,"column":25}},"loc":{"start":{"line":34,"column":37},"end":{"line":38,"column":1}},"line":34}},"branchMap":{"0":{"loc":{"start":{"line":8,"column":12},"end":{"line":8,"column":49}},"type":"binary-expr","locations":[{"start":{"line":8,"column":12},"end":{"line":8,"column":32}},{"start":{"line":8,"column":36},"end":{"line":8,"column":49}}],"line":8},"1":{"loc":{"start":{"line":13,"column":0},"end":{"line":17,"column":1}},"type":"if","locations":[{"start":{"line":13,"column":0},"end":{"line":17,"column":1}},{"start":{"line":15,"column":7},"end":{"line":17,"column":1}}],"line":13},"2":{"loc":{"start":{"line":23,"column":6},"end":{"line":26,"column":37}},"type":"binary-expr","locations":[{"start":{"line":23,"column":6},"end":{"line":23,"column":29}},{"start":{"line":24,"column":6},"end":{"line":24,"column":23}},{"start":{"line":25,"column":6},"end":{"line":25,"column":30}},{"start":{"line":26,"column":6},"end":{"line":26,"column":37}}],"line":23},"3":{"loc":{"start":{"line":35,"column":2},"end":{"line":37,"column":3}},"type":"if","locations":[{"start":{"line":35,"column":2},"end":{"line":37,"column":3}},{"start":{},"end":{}}],"line":35}},"s":{"0":2,"1":2,"2":2,"3":2,"4":2,"5":2,"6":2,"7":2,"8":2,"9":0,"10":2,"11":2,"12":4,"13":2,"14":2,"15":2,"16":2,"17":2,"18":2,"19":2,"20":2},"f":{"0":4,"1":2,"2":2},"b":{"0":[2,0],"1":[0,2],"2":[4,4,2,2],"3":[2,0]},"_coverageSchema":"1a1c01bbd47fc00a2c39e90264f33305004495a9","hash":"992b905fe0387f12b227d0afd8d6c06353a4b5b5"}
,"/Users/Darshit_Dave/CodeAcademy23/final-eval/auth-service/src/models/user.js": {"path":"/Users/Darshit_Dave/CodeAcademy23/final-eval/auth-service/src/models/user.js","statementMap":{"0":{"start":{"line":4,"column":4},"end":{"line":4,"column":24}},"1":{"start":{"line":5,"column":0},"end":{"line":29,"column":2}},"2":{"start":{"line":16,"column":2},"end":{"line":27,"column":5}},"3":{"start":{"line":28,"column":2},"end":{"line":28,"column":14}}},"fnMap":{"0":{"name":"(anonymous_0)","decl":{"start":{"line":5,"column":17},"end":{"line":5,"column":18}},"loc":{"start":{"line":5,"column":43},"end":{"line":29,"column":1}},"line":5},"1":{"name":"(anonymous_1)","decl":{"start":{"line":12,"column":4},"end":{"line":12,"column":5}},"loc":{"start":{"line":12,"column":29},"end":{"line":14,"column":5}},"line":12}},"branchMap":{},"s":{"0":2,"1":2,"2":2,"3":2},"f":{"0":2,"1":2},"b":{},"_coverageSchema":"1a1c01bbd47fc00a2c39e90264f33305004495a9","hash":"ac28b7692636f1190df2e9462797e75306a31e85"}
,"/Users/Darshit_Dave/CodeAcademy23/final-eval/auth-service/src/services/authServices.js": {"path":"/Users/Darshit_Dave/CodeAcademy23/final-eval/auth-service/src/services/authServices.js","statementMap":{"0":{"start":{"line":1,"column":13},"end":{"line":1,"column":44}},"1":{"start":{"line":2,"column":18},"end":{"line":2,"column":47}},"2":{"start":{"line":3,"column":21},"end":{"line":3,"column":53}},"3":{"start":{"line":4,"column":18},"end":{"line":4,"column":47}},"4":{"start":{"line":5,"column":34},"end":{"line":5,"column":54}},"5":{"start":{"line":7,"column":17},"end":{"line":22,"column":1}},"6":{"start":{"line":8,"column":2},"end":{"line":21,"column":3}},"7":{"start":{"line":9,"column":30},"end":{"line":9,"column":74}},"8":{"start":{"line":10,"column":17},"end":{"line":13,"column":6}},"9":{"start":{"line":14,"column":4},"end":{"line":14,"column":16}},"10":{"start":{"line":16,"column":4},"end":{"line":19,"column":5}},"11":{"start":{"line":17,"column":6},"end":{"line":17,"column":27}},"12":{"start":{"line":18,"column":6},"end":{"line":18,"column":58}},"13":{"start":{"line":20,"column":4},"end":{"line":20,"column":59}},"14":{"start":{"line":24,"column":14},"end":{"line":35,"column":1}},"15":{"start":{"line":25,"column":15},"end":{"line":25,"column":68}},"16":{"start":{"line":26,"column":2},"end":{"line":26,"column":56}},"17":{"start":{"line":26,"column":13},"end":{"line":26,"column":56}},"18":{"start":{"line":28,"column":33},"end":{"line":31,"column":3}},"19":{"start":{"line":32,"column":2},"end":{"line":32,"column":76}},"20":{"start":{"line":32,"column":31},"end":{"line":32,"column":76}},"21":{"start":{"line":33,"column":19},"end":{"line":33,"column":57}},"22":{"start":{"line":34,"column":2},"end":{"line":34,"column":35}},"23":{"start":{"line":37,"column":22},"end":{"line":41,"column":1}},"24":{"start":{"line":38,"column":18},"end":{"line":38,"column":52}},"25":{"start":{"line":39,"column":2},"end":{"line":39,"column":58}},"26":{"start":{"line":39,"column":16},"end":{"line":39,"column":58}},"27":{"start":{"line":40,"column":2},"end":{"line":40,"column":17}},"28":{"start":{"line":43,"column":0},"end":{"line":43,"column":52}}},"fnMap":{"0":{"name":"(anonymous_0)","decl":{"start":{"line":7,"column":17},"end":{"line":7,"column":18}},"loc":{"start":{"line":7,"column":47},"end":{"line":22,"column":1}},"line":7},"1":{"name":"(anonymous_1)","decl":{"start":{"line":24,"column":14},"end":{"line":24,"column":15}},"loc":{"start":{"line":24,"column":44},"end":{"line":35,"column":1}},"line":24},"2":{"name":"(anonymous_2)","decl":{"start":{"line":37,"column":22},"end":{"line":37,"column":23}},"loc":{"start":{"line":37,"column":39},"end":{"line":41,"column":1}},"line":37}},"branchMap":{"0":{"loc":{"start":{"line":16,"column":4},"end":{"line":19,"column":5}},"type":"if","locations":[{"start":{"line":16,"column":4},"end":{"line":19,"column":5}},{"start":{},"end":{}}],"line":16},"1":{"loc":{"start":{"line":26,"column":2},"end":{"line":26,"column":56}},"type":"if","locations":[{"start":{"line":26,"column":2},"end":{"line":26,"column":56}},{"start":{},"end":{}}],"line":26},"2":{"loc":{"start":{"line":32,"column":2},"end":{"line":32,"column":76}},"type":"if","locations":[{"start":{"line":32,"column":2},"end":{"line":32,"column":76}},{"start":{},"end":{}}],"line":32},"3":{"loc":{"start":{"line":39,"column":2},"end":{"line":39,"column":58}},"type":"if","locations":[{"start":{"line":39,"column":2},"end":{"line":39,"column":58}},{"start":{},"end":{}}],"line":39}},"s":{"0":2,"1":2,"2":2,"3":2,"4":2,"5":2,"6":2,"7":2,"8":2,"9":1,"10":1,"11":1,"12":1,"13":0,"14":2,"15":2,"16":2,"17":1,"18":1,"19":1,"20":0,"21":1,"22":1,"23":2,"24":2,"25":2,"26":1,"27":1,"28":2},"f":{"0":2,"1":2,"2":2},"b":{"0":[1,0],"1":[1,1],"2":[0,1],"3":[1,1]},"_coverageSchema":"1a1c01bbd47fc00a2c39e90264f33305004495a9","hash":"d11332c0df8ee94d0a5344587dbf7a6b23008fba"}
,"/Users/Darshit_Dave/CodeAcademy23/final-eval/auth-service/src/utils/HTTPError.js": {"path":"/Users/Darshit_Dave/CodeAcademy23/final-eval/auth-service/src/utils/HTTPError.js","statementMap":{"0":{"start":{"line":3,"column":4},"end":{"line":3,"column":19}},"1":{"start":{"line":4,"column":4},"end":{"line":4,"column":27}},"2":{"start":{"line":5,"column":4},"end":{"line":5,"column":21}},"3":{"start":{"line":8,"column":0},"end":{"line":8,"column":27}}},"fnMap":{"0":{"name":"(anonymous_0)","decl":{"start":{"line":2,"column":2},"end":{"line":2,"column":3}},"loc":{"start":{"line":2,"column":29},"end":{"line":6,"column":3}},"line":2}},"branchMap":{},"s":{"0":7,"1":7,"2":7,"3":2},"f":{"0":7},"b":{},"_coverageSchema":"1a1c01bbd47fc00a2c39e90264f33305004495a9","hash":"7c99fefd371070cfa304e4e177d70527d163bd22"}
,"/Users/Darshit_Dave/CodeAcademy23/final-eval/auth-service/src/utils/passwordUtil.js": {"path":"/Users/Darshit_Dave/CodeAcademy23/final-eval/auth-service/src/utils/passwordUtil.js","statementMap":{"0":{"start":{"line":1,"column":13},"end":{"line":1,"column":32}},"1":{"start":{"line":3,"column":24},"end":{"line":6,"column":1}},"2":{"start":{"line":4,"column":28},"end":{"line":4,"column":59}},"3":{"start":{"line":5,"column":2},"end":{"line":5,"column":27}},"4":{"start":{"line":7,"column":31},"end":{"line":10,"column":1}},"5":{"start":{"line":8,"column":15},"end":{"line":8,"column":64}},"6":{"start":{"line":9,"column":2},"end":{"line":9,"column":16}},"7":{"start":{"line":11,"column":0},"end":{"line":11,"column":61}}},"fnMap":{"0":{"name":"(anonymous_0)","decl":{"start":{"line":3,"column":24},"end":{"line":3,"column":25}},"loc":{"start":{"line":3,"column":44},"end":{"line":6,"column":1}},"line":3},"1":{"name":"(anonymous_1)","decl":{"start":{"line":7,"column":31},"end":{"line":7,"column":32}},"loc":{"start":{"line":7,"column":70},"end":{"line":10,"column":1}},"line":7}},"branchMap":{},"s":{"0":3,"1":3,"2":4,"3":3,"4":3,"5":2,"6":1,"7":3},"f":{"0":4,"1":2},"b":{},"_coverageSchema":"1a1c01bbd47fc00a2c39e90264f33305004495a9","hash":"afc87cfa5d6cd3e13995f00a399d77151c8f123b"}
,"/Users/Darshit_Dave/CodeAcademy23/final-eval/auth-service/src/utils/redisUtil.js": {"path":"/Users/Darshit_Dave/CodeAcademy23/final-eval/auth-service/src/utils/redisUtil.js","statementMap":{"0":{"start":{"line":1,"column":0},"end":{"line":1,"column":27}},"1":{"start":{"line":2,"column":25},"end":{"line":2,"column":41}},"2":{"start":{"line":4,"column":13},"end":{"line":4,"column":27}},"3":{"start":{"line":6,"column":0},"end":{"line":6,"column":66}},"4":{"start":{"line":6,"column":26},"end":{"line":6,"column":64}},"5":{"start":{"line":7,"column":12},"end":{"line":17,"column":1}},"6":{"start":{"line":8,"column":2},"end":{"line":16,"column":3}},"7":{"start":{"line":9,"column":4},"end":{"line":9,"column":27}},"8":{"start":{"line":10,"column":18},"end":{"line":10,"column":39}},"9":{"start":{"line":12,"column":4},"end":{"line":12,"column":30}},"10":{"start":{"line":13,"column":4},"end":{"line":13,"column":17}},"11":{"start":{"line":15,"column":4},"end":{"line":15,"column":38}},"12":{"start":{"line":18,"column":12},"end":{"line":27,"column":1}},"13":{"start":{"line":19,"column":2},"end":{"line":26,"column":3}},"14":{"start":{"line":20,"column":4},"end":{"line":20,"column":27}},"15":{"start":{"line":21,"column":4},"end":{"line":21,"column":33}},"16":{"start":{"line":23,"column":4},"end":{"line":23,"column":30}},"17":{"start":{"line":25,"column":4},"end":{"line":25,"column":38}},"18":{"start":{"line":28,"column":0},"end":{"line":28,"column":38}}},"fnMap":{"0":{"name":"(anonymous_0)","decl":{"start":{"line":6,"column":19},"end":{"line":6,"column":20}},"loc":{"start":{"line":6,"column":26},"end":{"line":6,"column":64}},"line":6},"1":{"name":"(anonymous_1)","decl":{"start":{"line":7,"column":12},"end":{"line":7,"column":13}},"loc":{"start":{"line":7,"column":27},"end":{"line":17,"column":1}},"line":7},"2":{"name":"(anonymous_2)","decl":{"start":{"line":18,"column":12},"end":{"line":18,"column":13}},"loc":{"start":{"line":18,"column":34},"end":{"line":27,"column":1}},"line":18}},"branchMap":{},"s":{"0":4,"1":4,"2":4,"3":4,"4":0,"5":4,"6":2,"7":2,"8":2,"9":2,"10":2,"11":0,"12":4,"13":4,"14":4,"15":4,"16":4,"17":0,"18":4},"f":{"0":0,"1":2,"2":4},"b":{},"_coverageSchema":"1a1c01bbd47fc00a2c39e90264f33305004495a9","hash":"50ed1f3d8b221dea1518332d469193173d83eea6"}
,"/Users/Darshit_Dave/CodeAcademy23/final-eval/auth-service/src/utils/tokenUtil.js": {"path":"/Users/Darshit_Dave/CodeAcademy23/final-eval/auth-service/src/utils/tokenUtil.js","statementMap":{"0":{"start":{"line":1,"column":12},"end":{"line":1,"column":35}},"1":{"start":{"line":2,"column":0},"end":{"line":2,"column":27}},"2":{"start":{"line":4,"column":20},"end":{"line":4,"column":49}},"3":{"start":{"line":6,"column":22},"end":{"line":15,"column":1}},"4":{"start":{"line":7,"column":14},"end":{"line":11,"column":3}},"5":{"start":{"line":13,"column":2},"end":{"line":13,"column":35}},"6":{"start":{"line":14,"column":2},"end":{"line":14,"column":15}},"7":{"start":{"line":16,"column":20},"end":{"line":26,"column":1}},"8":{"start":{"line":17,"column":2},"end":{"line":24,"column":3}},"9":{"start":{"line":18,"column":25},"end":{"line":18,"column":72}},"10":{"start":{"line":19,"column":25},"end":{"line":19,"column":53}},"11":{"start":{"line":20,"column":4},"end":{"line":21,"column":26}},"12":{"start":{"line":21,"column":6},"end":{"line":21,"column":26}},"13":{"start":{"line":23,"column":4},"end":{"line":23,"column":17}},"14":{"start":{"line":27,"column":0},"end":{"line":27,"column":48}}},"fnMap":{"0":{"name":"(anonymous_0)","decl":{"start":{"line":6,"column":22},"end":{"line":6,"column":23}},"loc":{"start":{"line":6,"column":36},"end":{"line":15,"column":1}},"line":6},"1":{"name":"(anonymous_1)","decl":{"start":{"line":16,"column":20},"end":{"line":16,"column":21}},"loc":{"start":{"line":16,"column":37},"end":{"line":26,"column":1}},"line":16}},"branchMap":{"0":{"loc":{"start":{"line":20,"column":4},"end":{"line":21,"column":26}},"type":"if","locations":[{"start":{"line":20,"column":4},"end":{"line":21,"column":26}},{"start":{},"end":{}}],"line":20},"1":{"loc":{"start":{"line":20,"column":8},"end":{"line":20,"column":49}},"type":"binary-expr","locations":[{"start":{"line":20,"column":8},"end":{"line":20,"column":20}},{"start":{"line":20,"column":24},"end":{"line":20,"column":49}}],"line":20}},"s":{"0":3,"1":3,"2":3,"3":3,"4":2,"5":2,"6":2,"7":3,"8":2,"9":2,"10":0,"11":0,"12":0,"13":2,"14":3},"f":{"0":2,"1":2},"b":{"0":[0,0],"1":[0,0]},"_coverageSchema":"1a1c01bbd47fc00a2c39e90264f33305004495a9","hash":"7b20891483c41675d009dbfb44aff9d1b8328bfe"}
}
