TN:
SF:database/config/config.js
FNF:0
FNH:0
DA:1,2
DA:3,2
LF:2
LH:2
BRF:0
BRH:0
end_of_record
TN:
SF:src/controllers/authControllers.js
FN:5,(anonymous_0)
FN:15,(anonymous_1)
FN:25,(anonymous_2)
FNF:3
FNH:3
FNDA:3,(anonymous_0)
FNDA:4,(anonymous_1)
FNDA:3,(anonymous_2)
DA:1,1
DA:2,1
DA:5,1
DA:6,3
DA:7,3
DA:8,1
DA:10,2
DA:11,1
DA:12,1
DA:15,1
DA:16,4
DA:17,4
DA:18,1
DA:20,3
DA:21,2
DA:22,1
DA:25,1
DA:26,3
DA:27,3
DA:28,3
DA:29,1
DA:31,2
DA:32,1
DA:33,1
DA:36,1
LF:25
LH:25
BRDA:10,0,0,1
BRDA:10,0,1,1
BRDA:20,1,0,2
BRDA:20,1,1,1
BRDA:31,2,0,1
BRDA:31,2,1,1
BRF:6
BRH:6
end_of_record
TN:
SF:src/models/index.js
FN:21,(anonymous_0)
FN:29,(anonymous_1)
FN:34,(anonymous_2)
FNF:3
FNH:3
FNDA:4,(anonymous_0)
FNDA:2,(anonymous_1)
FNDA:2,(anonymous_2)
DA:3,2
DA:4,2
DA:5,2
DA:6,2
DA:7,2
DA:8,2
DA:9,2
DA:10,2
DA:13,2
DA:14,0
DA:16,2
DA:19,2
DA:22,4
DA:30,2
DA:31,2
DA:34,2
DA:35,2
DA:36,2
DA:40,2
DA:41,2
DA:43,2
LF:21
LH:20
BRDA:8,0,0,2
BRDA:8,0,1,0
BRDA:13,1,0,0
BRDA:13,1,1,2
BRDA:23,2,0,4
BRDA:23,2,1,4
BRDA:23,2,2,2
BRDA:23,2,3,2
BRDA:35,3,0,2
BRDA:35,3,1,0
BRF:10
BRH:7
end_of_record
TN:
SF:src/models/user.js
FN:5,(anonymous_0)
FN:12,(anonymous_1)
FNF:2
FNH:2
FNDA:2,(anonymous_0)
FNDA:2,(anonymous_1)
DA:4,2
DA:5,2
DA:16,2
DA:28,2
LF:4
LH:4
BRF:0
BRH:0
end_of_record
TN:
SF:src/services/authServices.js
FN:7,(anonymous_0)
FN:24,(anonymous_1)
FN:37,(anonymous_2)
FNF:3
FNH:3
FNDA:2,(anonymous_0)
FNDA:2,(anonymous_1)
FNDA:2,(anonymous_2)
DA:1,2
DA:2,2
DA:3,2
DA:4,2
DA:5,2
DA:7,2
DA:8,2
DA:9,2
DA:10,2
DA:14,1
DA:16,1
DA:17,1
DA:18,1
DA:20,0
DA:24,2
DA:25,2
DA:26,2
DA:28,1
DA:32,1
DA:33,1
DA:34,1
DA:37,2
DA:38,2
DA:39,2
DA:40,1
DA:43,2
LF:26
LH:25
BRDA:16,0,0,1
BRDA:16,0,1,0
BRDA:26,1,0,1
BRDA:26,1,1,1
BRDA:32,2,0,0
BRDA:32,2,1,1
BRDA:39,3,0,1
BRDA:39,3,1,1
BRF:8
BRH:6
end_of_record
TN:
SF:src/utils/HTTPError.js
FN:2,(anonymous_0)
FNF:1
FNH:1
FNDA:7,(anonymous_0)
DA:3,7
DA:4,7
DA:5,7
DA:8,2
LF:4
LH:4
BRF:0
BRH:0
end_of_record
TN:
SF:src/utils/passwordUtil.js
FN:3,(anonymous_0)
FN:7,(anonymous_1)
FNF:2
FNH:2
FNDA:4,(anonymous_0)
FNDA:2,(anonymous_1)
DA:1,3
DA:3,3
DA:4,4
DA:5,3
DA:7,3
DA:8,2
DA:9,1
DA:11,3
LF:8
LH:8
BRF:0
BRH:0
end_of_record
TN:
SF:src/utils/redisUtil.js
FN:6,(anonymous_0)
FN:7,(anonymous_1)
FN:18,(anonymous_2)
FNF:3
FNH:2
FNDA:0,(anonymous_0)
FNDA:2,(anonymous_1)
FNDA:4,(anonymous_2)
DA:1,4
DA:2,4
DA:4,4
DA:6,4
DA:7,4
DA:8,2
DA:9,2
DA:10,2
DA:12,2
DA:13,2
DA:15,0
DA:18,4
DA:19,4
DA:20,4
DA:21,4
DA:23,4
DA:25,0
DA:28,4
LF:18
LH:16
BRF:0
BRH:0
end_of_record
TN:
SF:src/utils/tokenUtil.js
FN:6,(anonymous_0)
FN:16,(anonymous_1)
FNF:2
FNH:2
FNDA:2,(anonymous_0)
FNDA:2,(anonymous_1)
DA:1,3
DA:2,3
DA:4,3
DA:6,3
DA:7,2
DA:13,2
DA:14,2
DA:16,3
DA:17,2
DA:18,2
DA:19,0
DA:20,0
DA:21,0
DA:23,2
DA:27,3
LF:15
LH:12
BRDA:20,0,0,0
BRDA:20,0,1,0
BRDA:20,1,0,0
BRDA:20,1,1,0
BRF:4
BRH:0
end_of_record
